<?xml version="1.0" encoding="UTF-8"?>
<!-- Generated by org.testng.reporters.JUnitReportReporter -->
<testsuite skipped="0" hostname="WINCTRL-510G1N7" name="com.opencart.tests.NegativeAccountTest" tests="1" failures="0" timestamp="2021-04-20T17:37:04 IST" time="9.525" errors="0">
  <testcase name="createAccount" time="9.525" classname="com.opencart.tests.NegativeAccountTest"/>
  <system-out>
Please fill all the details to create account..  </system-out>
</testsuite> <!-- com.opencart.tests.NegativeAccountTest -->
