<?xml version="1.0" encoding="UTF-8"?>
<!-- Generated by org.testng.reporters.JUnitReportReporter -->
<testsuite skipped="0" hostname="WINCTRL-510G1N7" name="com.opencart.tests.EditAccountTest" tests="2" failures="0" timestamp="2021-04-20T17:32:26 IST" time="21.162" errors="0">
  <testcase name="editAccount" time="16.474" classname="com.opencart.tests.EditAccountTest"/>
  <system-out/>
  <testcase name="logOut" time="4.688" classname="com.opencart.tests.EditAccountTest"/>
  <system-out>
Error while updating the details..please check the log.  </system-out>
</testsuite> <!-- com.opencart.tests.EditAccountTest -->
